{
  "stats": {
    "suites": 1,
    "tests": 1,
    "passes": 1,
    "pending": 0,
    "failures": 0,
    "start": "2021-10-15T17:24:56.798Z",
    "end": "2021-10-15T17:24:57.928Z",
    "duration": 1130,
    "testsRegistered": 1,
    "passPercent": 100,
    "pendingPercent": 0,
    "other": 0,
    "hasOther": false,
    "skipped": 0,
    "hasSkipped": false,
    "passPercentClass": "success",
    "pendingPercentClass": "danger"
  },
  "suites": {
    "uuid": "adcab9b7-648f-4cd7-964c-787daec5fcf7",
    "title": "",
    "fullFile": "",
    "file": "",
    "beforeHooks": [],
    "afterHooks": [],
    "tests": [],
    "suites": [
      {
        "uuid": "c651e863-1692-4cf2-bcf1-f2a586641729",
        "title": "@getSearchResult User want to do search with custom keyword",
        "fullFile": "F:\\Agungs Folder\\SINBAD\\sdet-automation-sinbad\\sdet-automation-skeleton\\at_api_mocha_chai\\api\\test\\Get_search_result.js",
        "file": "\\api\\test\\Get_search_result.js",
        "beforeHooks": [
          {
            "title": "\"before all\" hook",
            "fullTitle": "@getSearchResult User want to do search with custom keyword \"before all\" hook",
            "timedOut": false,
            "duration": 1,
            "pass": false,
            "fail": false,
            "pending": false,
            "code": "",
            "err": {},
            "isRoot": false,
            "uuid": "9a927237-6aba-402c-aa0f-d1a85eaa7a7c",
            "isHook": true,
            "skipped": false
          }
        ],
        "afterHooks": [],
        "tests": [
          {
            "title": "@getSearch undefined",
            "fullTitle": "@getSearchResult User want to do search with custom keyword @getSearch undefined",
            "timedOut": false,
            "duration": 1106,
            "state": "passed",
            "speed": "slow",
            "pass": true,
            "fail": false,
            "pending": false,
            "code": "const params = data.queryList(1, 20, \"word\", \"price\", \"asc\", 0, 999999999, 0, 999999999);\n\t\tresponse = await page.getSearchResult(params);\n\t\tassert(response.status).to.equal(status.successOk);\nconsole.log(response.body.data.data);\n// assert(response.body).to.be.jsonSchema(schema);S",
            "err": {},
            "isRoot": false,
            "uuid": "7cc6e1fd-2f21-4a5f-9308-aad5536c05d6",
            "isHook": false,
            "skipped": false
          }
        ],
        "suites": [],
        "passes": [
          "7cc6e1fd-2f21-4a5f-9308-aad5536c05d6"
        ],
        "failures": [],
        "pending": [],
        "skipped": [],
        "duration": 1106,
        "root": false,
        "rootEmpty": false,
        "_timeout": 180000
      }
    ],
    "passes": [],
    "failures": [],
    "pending": [],
    "skipped": [],
    "duration": 0,
    "root": true,
    "rootEmpty": true,
    "_timeout": 180000
  },
  "copyrightYear": 2021
}